(THU.CST) os is loading ...

Special kernel symbols:
  entry  0x00100000 (phys)
  etext  0x00103ae8 (phys)
  edata  0x0010f950 (phys)
  end    0x00110e20 (phys)
Kernel executable memory footprint: 68KB
ebp:0x00007b38 eip:0x00100bcc arg:0x00010094 0x0010f950 0x00007b68 0x001000a2 
    kern/debug/kdebug.c:307: print_stackframe+33
ebp:0x00007b48 eip:0x00100f5f arg:0x00000000 0x00000000 0x00000000 0x0010008d 
    kern/debug/kmonitor.c:125: mon_backtrace+23
ebp:0x00007b68 eip:0x001000a2 arg:0x00000000 0x00007b90 0xffff0000 0x00007b94 
    kern/init/init.c:48: grade_backtrace2+32
ebp:0x00007b88 eip:0x001000d1 arg:0x00000000 0xffff0000 0x00007bb4 0x001000e5 
    kern/init/init.c:53: grade_backtrace1+37
ebp:0x00007ba8 eip:0x001000f8 arg:0x00000000 0x00100000 0xffff0000 0x00100109 
    kern/init/init.c:58: grade_backtrace0+29
ebp:0x00007bc8 eip:0x00100124 arg:0x00000000 0x00000000 0x00000000 0x00103ae8 
    kern/init/init.c:63: grade_backtrace+37
ebp:0x00007be8 eip:0x00100066 arg:0x00000000 0x00000000 0x00000000 0x00007c4f 
    kern/init/init.c:28: kern_init+101
ebp:0x00007bf8 eip:0x00007d6e arg:0xc031fcfa 0xc08ed88e 0x64e4d08e 0xfa7502a8 
    <unknow>: -- 0x00007d6d --
